0 info it worked if it ends with ok
1 verbose cli [ '/usr/bin/nodejs', '/usr/bin/npm', 'start' ]
2 info using npm@3.10.3
3 info using node@v6.3.0
4 verbose run-script [ 'prestart', 'start', 'poststart' ]
5 info lifecycle example_app@1.0.0~prestart: example_app@1.0.0
6 silly lifecycle example_app@1.0.0~prestart: no script for prestart, continuing
7 info lifecycle example_app@1.0.0~start: example_app@1.0.0
8 verbose lifecycle example_app@1.0.0~start: unsafe-perm in lifecycle true
9 verbose lifecycle example_app@1.0.0~start: PATH: /usr/lib/node_modules/npm/bin/node-gyp-bin:/home/abadi199/Code/elm/elm-horizon/node_modules/.bin:/usr/bin:/home/abadi199/.cabal/bin:/opt/cabal/1.22/bin:/opt/ghc/7.10.3/bin:/home/abadi199/bin:/home/abadi199/.local/bin:/usr/local/sbin:/usr/local/bin:/usr/sbin:/usr/bin:/sbin:/bin:/usr/games:/usr/local/games
10 verbose lifecycle example_app@1.0.0~start: CWD: /home/abadi199/Code/elm/elm-horizon
11 silly lifecycle example_app@1.0.0~start: Args: [ '-c',
11 silly lifecycle   'hz serve --dev && elm-live examples/Main.elm --output dist/bundle.js --dir=./dist/' ]
12 silly lifecycle example_app@1.0.0~start: Returned: code: 1  signal: null
13 info lifecycle example_app@1.0.0~start: Failed to exec start script
14 verbose stack Error: example_app@1.0.0 start: `hz serve --dev && elm-live examples/Main.elm --output dist/bundle.js --dir=./dist/`
14 verbose stack Exit status 1
14 verbose stack     at EventEmitter.<anonymous> (/usr/lib/node_modules/npm/lib/utils/lifecycle.js:242:16)
14 verbose stack     at emitTwo (events.js:106:13)
14 verbose stack     at EventEmitter.emit (events.js:191:7)
14 verbose stack     at ChildProcess.<anonymous> (/usr/lib/node_modules/npm/lib/utils/spawn.js:40:14)
14 verbose stack     at emitTwo (events.js:106:13)
14 verbose stack     at ChildProcess.emit (events.js:191:7)
14 verbose stack     at maybeClose (internal/child_process.js:852:16)
14 verbose stack     at Process.ChildProcess._handle.onexit (internal/child_process.js:215:5)
15 verbose pkgid example_app@1.0.0
16 verbose cwd /home/abadi199/Code/elm/elm-horizon
17 error Linux 4.4.0-31-generic
18 error argv "/usr/bin/nodejs" "/usr/bin/npm" "start"
19 error node v6.3.0
20 error npm  v3.10.3
21 error code ELIFECYCLE
22 error example_app@1.0.0 start: `hz serve --dev && elm-live examples/Main.elm --output dist/bundle.js --dir=./dist/`
22 error Exit status 1
23 error Failed at the example_app@1.0.0 start script 'hz serve --dev && elm-live examples/Main.elm --output dist/bundle.js --dir=./dist/'.
23 error Make sure you have the latest version of node.js and npm installed.
23 error If you do, this is most likely a problem with the example_app package,
23 error not with npm itself.
23 error Tell the author that this fails on your system:
23 error     hz serve --dev && elm-live examples/Main.elm --output dist/bundle.js --dir=./dist/
23 error You can get information on how to open an issue for this project with:
23 error     npm bugs example_app
23 error Or if that isn't available, you can get their info via:
23 error     npm owner ls example_app
23 error There is likely additional logging output above.
24 verbose exit [ 1, true ]
